2025-09-21 22:25:24,014 - root - INFO - 数据库日志处理器已添加
2025-09-21 22:25:24,021 - root - INFO - 媒体服务启动
2025-09-21 22:25:24,028 - root - ERROR - 依赖检查失败: [Errno 2] No such file or directory: 'ffmpeg'
2025-09-21 22:28:20,028 - root - INFO - 媒体服务关闭
2025-10-14 15:49:56,050 - root - INFO - 数据库日志处理器已添加
2025-10-14 15:49:56,056 - root - INFO - 媒体服务启动
2025-10-14 15:49:56,059 - root - ERROR - 依赖检查失败: [Errno 2] No such file or directory: 'ffmpeg'
2025-10-14 15:51:28,058 - root - INFO - 媒体服务关闭
2025-10-14 15:51:29,461 - root - INFO - 数据库日志处理器已添加
2025-10-14 15:51:29,507 - root - INFO - 媒体服务启动
2025-10-14 15:51:29,543 - root - ERROR - 依赖检查失败: [Errno 2] No such file or directory: 'ffmpeg'
2025-10-14 15:51:32,313 - root - INFO - 媒体服务关闭
2025-10-14 15:51:33,143 - root - INFO - 数据库日志处理器已添加
2025-10-14 15:51:33,187 - root - INFO - 媒体服务启动
2025-10-14 15:51:33,226 - root - ERROR - 依赖检查失败: [Errno 2] No such file or directory: 'ffmpeg'
2025-10-14 15:56:09,383 - root - INFO - 媒体服务关闭
2025-10-14 15:56:10,409 - root - INFO - 数据库日志处理器已添加
2025-10-14 15:56:10,450 - root - INFO - 媒体服务启动
2025-10-14 15:56:13,424 - root - ERROR - 依赖检查失败: Command '['ffmpeg', '-version']' died with <Signals.SIGINT: 2>.
2025-10-14 15:56:14,258 - root - INFO - 数据库日志处理器已添加
2025-10-14 15:56:14,298 - root - INFO - 媒体服务启动
2025-10-14 15:56:22,142 - root - INFO - ffmpeg 可用
2025-10-14 19:25:47,726 - root - INFO - 媒体服务关闭
